<?xml version="1.0" encoding="UTF-8"?>
<testng-results skipped="0" failed="1" ignored="0" total="14" passed="13">
  <reporter-output>
  </reporter-output>
  <suite name="Default suite" duration-ms="14770" started-at="2021-05-27T16:30:28 IST" finished-at="2021-05-27T16:30:43 IST">
    <groups>
    </groups>
    <test name="Trello" duration-ms="12509" started-at="2021-05-27T16:30:28 IST" finished-at="2021-05-27T16:30:41 IST">
      <class name="com.synechron.ws.wstraining.basics.get.GetTrelloBoard">
        <test-method status="PASS" signature="validateGetBoardInBDDStyle()[pri:0, instance:com.synechron.ws.wstraining.basics.get.GetTrelloBoard@69a3d1d]" name="validateGetBoardInBDDStyle" duration-ms="491" started-at="2021-05-27T16:30:39 IST" finished-at="2021-05-27T16:30:39 IST">
          <reporter-output>
          </reporter-output>
        </test-method> <!-- validateGetBoardInBDDStyle -->
        <test-method status="PASS" signature="validateGetBoardInBDDStyleSimplified()[pri:0, instance:com.synechron.ws.wstraining.basics.get.GetTrelloBoard@69a3d1d]" name="validateGetBoardInBDDStyleSimplified" duration-ms="503" started-at="2021-05-27T16:30:39 IST" finished-at="2021-05-27T16:30:40 IST">
          <reporter-output>
          </reporter-output>
        </test-method> <!-- validateGetBoardInBDDStyleSimplified -->
        <test-method status="PASS" signature="validateGetBoardInExpectFormat()[pri:0, instance:com.synechron.ws.wstraining.basics.get.GetTrelloBoard@69a3d1d]" name="validateGetBoardInExpectFormat" duration-ms="517" started-at="2021-05-27T16:30:40 IST" finished-at="2021-05-27T16:30:40 IST">
          <reporter-output>
          </reporter-output>
        </test-method> <!-- validateGetBoardInExpectFormat -->
        <test-method status="PASS" signature="validateGetBoardInRestFormat()[pri:0, instance:com.synechron.ws.wstraining.basics.get.GetTrelloBoard@69a3d1d]" name="validateGetBoardInRestFormat" duration-ms="475" started-at="2021-05-27T16:30:40 IST" finished-at="2021-05-27T16:30:41 IST">
          <reporter-output>
          </reporter-output>
        </test-method> <!-- validateGetBoardInRestFormat -->
      </class> <!-- com.synechron.ws.wstraining.basics.get.GetTrelloBoard -->
      <class name="com.synechron.ws.wstraining.basics.get.GetBoardWithValidation">
        <test-method status="PASS" signature="getGeport()[pri:0, instance:com.synechron.ws.wstraining.basics.get.GetBoardWithValidation@17d677df]" name="getGeport" is-config="true" duration-ms="543" started-at="2021-05-27T16:30:28 IST" finished-at="2021-05-27T16:30:29 IST">
          <reporter-output>
          </reporter-output>
        </test-method> <!-- getGeport -->
        <test-method status="PASS" signature="multipleAssertions()[pri:0, instance:com.synechron.ws.wstraining.basics.get.GetBoardWithValidation@17d677df]" name="multipleAssertions" duration-ms="5184" started-at="2021-05-27T16:30:29 IST" finished-at="2021-05-27T16:30:34 IST">
          <reporter-output>
          </reporter-output>
        </test-method> <!-- multipleAssertions -->
        <test-method status="PASS" signature="printAllArrayElements()[pri:0, instance:com.synechron.ws.wstraining.basics.get.GetBoardWithValidation@17d677df]" name="printAllArrayElements" duration-ms="610" started-at="2021-05-27T16:30:34 IST" finished-at="2021-05-27T16:30:34 IST">
          <reporter-output>
          </reporter-output>
        </test-method> <!-- printAllArrayElements -->
        <test-method status="PASS" signature="validateBodyInGet()[pri:0, instance:com.synechron.ws.wstraining.basics.get.GetBoardWithValidation@17d677df]" name="validateBodyInGet" duration-ms="616" started-at="2021-05-27T16:30:34 IST" finished-at="2021-05-27T16:30:35 IST">
          <reporter-output>
          </reporter-output>
        </test-method> <!-- validateBodyInGet -->
        <test-method status="PASS" signature="validateKeyExist()[pri:0, instance:com.synechron.ws.wstraining.basics.get.GetBoardWithValidation@17d677df]" name="validateKeyExist" duration-ms="674" started-at="2021-05-27T16:30:35 IST" finished-at="2021-05-27T16:30:36 IST">
          <reporter-output>
          </reporter-output>
        </test-method> <!-- validateKeyExist -->
        <test-method status="PASS" signature="validateMultipleValuesInArray()[pri:0, instance:com.synechron.ws.wstraining.basics.get.GetBoardWithValidation@17d677df]" name="validateMultipleValuesInArray" duration-ms="572" started-at="2021-05-27T16:30:36 IST" finished-at="2021-05-27T16:30:36 IST">
          <reporter-output>
          </reporter-output>
        </test-method> <!-- validateMultipleValuesInArray -->
        <test-method status="PASS" signature="validateResponseHeaderInGet()[pri:0, instance:com.synechron.ws.wstraining.basics.get.GetBoardWithValidation@17d677df]" name="validateResponseHeaderInGet" duration-ms="642" started-at="2021-05-27T16:30:36 IST" finished-at="2021-05-27T16:30:37 IST">
          <reporter-output>
          </reporter-output>
        </test-method> <!-- validateResponseHeaderInGet -->
        <test-method status="PASS" signature="validateResponseInArray()[pri:0, instance:com.synechron.ws.wstraining.basics.get.GetBoardWithValidation@17d677df]" name="validateResponseInArray" duration-ms="581" started-at="2021-05-27T16:30:37 IST" finished-at="2021-05-27T16:30:38 IST">
          <reporter-output>
          </reporter-output>
        </test-method> <!-- validateResponseInArray -->
        <test-method status="PASS" signature="verifyPerticularValue()[pri:0, instance:com.synechron.ws.wstraining.basics.get.GetBoardWithValidation@17d677df]" name="verifyPerticularValue" duration-ms="553" started-at="2021-05-27T16:30:38 IST" finished-at="2021-05-27T16:30:38 IST">
          <reporter-output>
          </reporter-output>
        </test-method> <!-- verifyPerticularValue -->
        <test-method status="PASS" signature="saveReports()[pri:0, instance:com.synechron.ws.wstraining.basics.get.GetBoardWithValidation@17d677df]" name="saveReports" is-config="true" duration-ms="487" started-at="2021-05-27T16:30:38 IST" finished-at="2021-05-27T16:30:39 IST">
          <reporter-output>
          </reporter-output>
        </test-method> <!-- saveReports -->
      </class> <!-- com.synechron.ws.wstraining.basics.get.GetBoardWithValidation -->
    </test> <!-- Trello -->
    <test name="GIT" duration-ms="509" started-at="2021-05-27T16:30:41 IST" finished-at="2021-05-27T16:30:41 IST">
      <class name="com.synechron.ws.wstraining.basics.post.CreateRepository">
        <test-method status="FAIL" signature="validateCreateRepository()[pri:0, instance:com.synechron.ws.wstraining.basics.post.CreateRepository@7a9273a8]" name="validateCreateRepository" duration-ms="496" started-at="2021-05-27T16:30:41 IST" finished-at="2021-05-27T16:30:41 IST">
          <exception class="java.lang.AssertionError">
            <message>
              <![CDATA[1 expectation failed.
Expected status code <201> but was <401>.
]]>
            </message>
            <full-stacktrace>
              <![CDATA[java.lang.AssertionError: 1 expectation failed.
Expected status code <201> but was <401>.

at sun.reflect.NativeConstructorAccessorImpl.newInstance0(Native Method)
at sun.reflect.NativeConstructorAccessorImpl.newInstance(NativeConstructorAccessorImpl.java:62)
at sun.reflect.DelegatingConstructorAccessorImpl.newInstance(DelegatingConstructorAccessorImpl.java:45)
at java.lang.reflect.Constructor.newInstance(Constructor.java:423)
at org.codehaus.groovy.reflection.CachedConstructor.invoke(CachedConstructor.java:72)
at org.codehaus.groovy.reflection.CachedConstructor.doConstructorInvoke(CachedConstructor.java:59)
at org.codehaus.groovy.runtime.callsite.ConstructorSite$ConstructorSiteNoUnwrap.callConstructor(ConstructorSite.java:84)
at org.codehaus.groovy.runtime.callsite.CallSiteArray.defaultCallConstructor(CallSiteArray.java:59)
at org.codehaus.groovy.runtime.callsite.AbstractCallSite.callConstructor(AbstractCallSite.java:263)
at org.codehaus.groovy.runtime.callsite.AbstractCallSite.callConstructor(AbstractCallSite.java:277)
at io.restassured.internal.ResponseSpecificationImpl$HamcrestAssertionClosure.validate(ResponseSpecificationImpl.groovy:493)
at io.restassured.internal.ResponseSpecificationImpl$HamcrestAssertionClosure$validate$1.call(Unknown Source)
at io.restassured.internal.ResponseSpecificationImpl.validateResponseIfRequired(ResponseSpecificationImpl.groovy:674)
at sun.reflect.GeneratedMethodAccessor27.invoke(Unknown Source)
at sun.reflect.DelegatingMethodAccessorImpl.invoke(DelegatingMethodAccessorImpl.java:43)
at java.lang.reflect.Method.invoke(Method.java:498)
at org.codehaus.groovy.runtime.callsite.PlainObjectMetaMethodSite.doInvoke(PlainObjectMetaMethodSite.java:43)
at org.codehaus.groovy.runtime.callsite.PogoMetaMethodSite$PogoCachedMethodSiteNoUnwrapNoCoerce.invoke(PogoMetaMethodSite.java:193)
at org.codehaus.groovy.runtime.callsite.PogoMetaMethodSite.callCurrent(PogoMetaMethodSite.java:61)
at org.codehaus.groovy.runtime.callsite.AbstractCallSite.callCurrent(AbstractCallSite.java:185)
at io.restassured.internal.ResponseSpecificationImpl.statusCode(ResponseSpecificationImpl.groovy:126)
at io.restassured.specification.ResponseSpecification$statusCode$0.callCurrent(Unknown Source)
at io.restassured.internal.ResponseSpecificationImpl.statusCode(ResponseSpecificationImpl.groovy:134)
at io.restassured.internal.ValidatableResponseOptionsImpl.statusCode(ValidatableResponseOptionsImpl.java:89)
at io.restassured.internal.ValidatableResponseImpl.super$2$statusCode(ValidatableResponseImpl.groovy)
at sun.reflect.NativeMethodAccessorImpl.invoke0(Native Method)
at sun.reflect.NativeMethodAccessorImpl.invoke(NativeMethodAccessorImpl.java:62)
at sun.reflect.DelegatingMethodAccessorImpl.invoke(DelegatingMethodAccessorImpl.java:43)
at java.lang.reflect.Method.invoke(Method.java:498)
at org.codehaus.groovy.reflection.CachedMethod.invoke(CachedMethod.java:107)
at groovy.lang.MetaMethod.doMethodInvoke(MetaMethod.java:323)
at groovy.lang.MetaClassImpl.invokeMethod(MetaClassImpl.java:1268)
at org.codehaus.groovy.runtime.ScriptBytecodeAdapter.invokeMethodOnSuperN(ScriptBytecodeAdapter.java:144)
at io.restassured.internal.ValidatableResponseImpl.statusCode(ValidatableResponseImpl.groovy:142)
at io.restassured.internal.ValidatableResponseImpl.statusCode(ValidatableResponseImpl.groovy)
at com.synechron.ws.wstraining.basics.post.CreateRepository.validateCreateRepository(CreateRepository.java:28)
at sun.reflect.NativeMethodAccessorImpl.invoke0(Native Method)
at sun.reflect.NativeMethodAccessorImpl.invoke(NativeMethodAccessorImpl.java:62)
at sun.reflect.DelegatingMethodAccessorImpl.invoke(DelegatingMethodAccessorImpl.java:43)
at java.lang.reflect.Method.invoke(Method.java:498)
at org.testng.internal.MethodInvocationHelper.invokeMethod(MethodInvocationHelper.java:133)
at org.testng.internal.TestInvoker.invokeMethod(TestInvoker.java:598)
at org.testng.internal.TestInvoker.invokeTestMethod(TestInvoker.java:173)
at org.testng.internal.MethodRunner.runInSequence(MethodRunner.java:46)
at org.testng.internal.TestInvoker$MethodInvocationAgent.invoke(TestInvoker.java:824)
at org.testng.internal.TestInvoker.invokeTestMethods(TestInvoker.java:146)
at org.testng.internal.TestMethodWorker.invokeTestMethods(TestMethodWorker.java:146)
at org.testng.internal.TestMethodWorker.run(TestMethodWorker.java:128)
at java.util.ArrayList.forEach(ArrayList.java:1257)
at org.testng.TestRunner.privateRun(TestRunner.java:794)
at org.testng.TestRunner.run(TestRunner.java:596)
at org.testng.SuiteRunner.runTest(SuiteRunner.java:377)
at org.testng.SuiteRunner.runSequentially(SuiteRunner.java:371)
at org.testng.SuiteRunner.privateRun(SuiteRunner.java:332)
at org.testng.SuiteRunner.run(SuiteRunner.java:276)
at org.testng.SuiteRunnerWorker.runSuite(SuiteRunnerWorker.java:53)
at org.testng.SuiteRunnerWorker.run(SuiteRunnerWorker.java:96)
at org.testng.TestNG.runSuitesSequentially(TestNG.java:1212)
at org.testng.TestNG.runSuitesLocally(TestNG.java:1134)
at org.testng.TestNG.runSuites(TestNG.java:1063)
at org.testng.TestNG.run(TestNG.java:1031)
at org.apache.maven.surefire.testng.TestNGExecutor.run(TestNGExecutor.java:284)
at org.apache.maven.surefire.testng.TestNGXmlTestSuite.execute(TestNGXmlTestSuite.java:75)
at org.apache.maven.surefire.testng.TestNGProvider.invoke(TestNGProvider.java:119)
at org.apache.maven.surefire.booter.ForkedBooter.runSuitesInProcess(ForkedBooter.java:428)
at org.apache.maven.surefire.booter.ForkedBooter.execute(ForkedBooter.java:162)
at org.apache.maven.surefire.booter.ForkedBooter.run(ForkedBooter.java:562)
at org.apache.maven.surefire.booter.ForkedBooter.main(ForkedBooter.java:548)
]]>
            </full-stacktrace>
          </exception> <!-- java.lang.AssertionError -->
          <reporter-output>
          </reporter-output>
        </test-method> <!-- validateCreateRepository -->
      </class> <!-- com.synechron.ws.wstraining.basics.post.CreateRepository -->
    </test> <!-- GIT -->
    <test name="PayPal" duration-ms="1696" started-at="2021-05-27T16:30:41 IST" finished-at="2021-05-27T16:30:43 IST">
      <class name="com.synechron.ws.wstraining.basics.auth.CreatePayment">
        <test-method status="PASS" signature="getTokenTest()[pri:0, instance:com.synechron.ws.wstraining.basics.auth.CreatePayment@29b5cd00]" name="getTokenTest" is-config="true" duration-ms="708" started-at="2021-05-27T16:30:41 IST" finished-at="2021-05-27T16:30:42 IST">
          <reporter-output>
          </reporter-output>
        </test-method> <!-- getTokenTest -->
        <test-method status="PASS" signature="createPayment()[pri:0, instance:com.synechron.ws.wstraining.basics.auth.CreatePayment@29b5cd00]" name="createPayment" duration-ms="987" started-at="2021-05-27T16:30:42 IST" finished-at="2021-05-27T16:30:43 IST">
          <reporter-output>
          </reporter-output>
        </test-method> <!-- createPayment -->
      </class> <!-- com.synechron.ws.wstraining.basics.auth.CreatePayment -->
    </test> <!-- PayPal -->
  </suite> <!-- Default suite -->
</testng-results>
